<?xml version="1.0" encoding="UTF-8"?>
<testng-results skipped="0" failed="0" total="1" passed="1">
  <reporter-output>
  </reporter-output>
  <suite name="Suite" duration-ms="25144" started-at="2016-09-09T04:52:39Z" finished-at="2016-09-09T04:53:04Z">
    <groups>
    </groups>
    <test name="Test" duration-ms="25144" started-at="2016-09-09T04:52:39Z" finished-at="2016-09-09T04:53:04Z">
      <class name="ToolsQA.DemoMavenEclipseProject.TestAAATwo">
        <test-method status="PASS" signature="beforeTest()[pri:0, instance:ToolsQA.DemoMavenEclipseProject.TestAAATwo@43a25848]" name="beforeTest" is-config="true" duration-ms="3059" started-at="2016-09-08T21:52:39Z" finished-at="2016-09-08T21:52:42Z">
          <reporter-output>
          </reporter-output>
        </test-method> <!-- beforeTest -->
        <test-method status="PASS" signature="testEasy2()[pri:0, instance:ToolsQA.DemoMavenEclipseProject.TestAAATwo@43a25848]" name="testEasy2" duration-ms="21276" started-at="2016-09-08T21:52:42Z" finished-at="2016-09-08T21:53:03Z">
          <reporter-output>
          </reporter-output>
        </test-method> <!-- testEasy2 -->
        <test-method status="PASS" signature="afterTest()[pri:0, instance:ToolsQA.DemoMavenEclipseProject.TestAAATwo@43a25848]" name="afterTest" is-config="true" duration-ms="796" started-at="2016-09-08T21:53:03Z" finished-at="2016-09-08T21:53:04Z">
          <reporter-output>
          </reporter-output>
        </test-method> <!-- afterTest -->
      </class> <!-- ToolsQA.DemoMavenEclipseProject.TestAAATwo -->
    </test> <!-- Test -->
  </suite> <!-- Suite -->
</testng-results>
